exception [0;38;5;208m""[m
/Users/eph/Dev/smolblog/vendor/tempest/framework/packages/core/src/ExceptionReporter.php:34
context [0;38;5;208m[38;5;38marray:4[0;38;5;208m [[m
 [0;38;5;208m"[38;5;113mstatus[0;38;5;208m" => [1;38;5;38m404[0;38;5;208m[m
 [0;38;5;208m"[38;5;113mmessage[0;38;5;208m" => ""[m
 [0;38;5;208m"[38;5;113mcause[0;38;5;208m" => [38;5;38mTempest\Http\Responses\NotFound[0;38;5;208m\ {[38;5;247m#1675[0;38;5;208m[m
  [0;38;5;208m+[39mstatus[0;38;5;208m: [38;5;38mTempest\Http\Status[0;38;5;208m\ {[38;5;247m#1683[0;38;5;208m[m
   [0;38;5;208m+[39mname[0;38;5;208m: "[1;38;5;113mNOT_FOUND[0;38;5;208m"[m
   [0;38;5;208m+[39mvalue[0;38;5;208m: [1;38;5;38m404[0;38;5;208m[m
  [0;38;5;208m}[m
  [0;38;5;208m+[39mbody[0;38;5;208m: [1;38;5;208mnull[0;38;5;208m[m
  [0;38;5;208m+[39mheaders[0;38;5;208m: [][m
  [0;38;5;208m+[3m[39msession[0;38;5;208m: [3m[1;38;5;208m~ Tempest\Http\Session\Session[0;38;5;208m[m
  [0;38;5;208m+[3m[39mcookieManager[0;38;5;208m: [3m[1;38;5;208m~ Tempest\Http\Cookie\CookieManager[0;38;5;208m[m
  [0;38;5;208m+[39mview[0;38;5;208m: [1;38;5;208mnull[0;38;5;208m[m
 [0;38;5;208m}[m
 [0;38;5;208m"[38;5;113mprevious[0;38;5;208m" => [1;38;5;208mnull[0;38;5;208m[m
[0;38;5;208m][m
/Users/eph/Dev/smolblog/vendor/tempest/framework/packages/core/src/ExceptionReporter.php:34
exception [0;38;5;208m""[m
/Users/eph/Dev/smolblog/vendor/tempest/framework/packages/core/src/ExceptionReporter.php:34
context [0;38;5;208m[38;5;38marray:4[0;38;5;208m [[m
 [0;38;5;208m"[38;5;113mstatus[0;38;5;208m" => [1;38;5;38m404[0;38;5;208m[m
 [0;38;5;208m"[38;5;113mmessage[0;38;5;208m" => ""[m
 [0;38;5;208m"[38;5;113mcause[0;38;5;208m" => [38;5;38mTempest\Http\Responses\NotFound[0;38;5;208m\ {[38;5;247m#989[0;38;5;208m[m
  [0;38;5;208m+[39mstatus[0;38;5;208m: [38;5;38mTempest\Http\Status[0;38;5;208m\ {[38;5;247m#1050[0;38;5;208m[m
   [0;38;5;208m+[39mname[0;38;5;208m: "[1;38;5;113mNOT_FOUND[0;38;5;208m"[m
   [0;38;5;208m+[39mvalue[0;38;5;208m: [1;38;5;38m404[0;38;5;208m[m
  [0;38;5;208m}[m
  [0;38;5;208m+[39mbody[0;38;5;208m: [1;38;5;208mnull[0;38;5;208m[m
  [0;38;5;208m+[39mheaders[0;38;5;208m: [][m
  [0;38;5;208m+[3m[39msession[0;38;5;208m: [3m[1;38;5;208m~ Tempest\Http\Session\Session[0;38;5;208m[m
  [0;38;5;208m+[3m[39mcookieManager[0;38;5;208m: [3m[1;38;5;208m~ Tempest\Http\Cookie\CookieManager[0;38;5;208m[m
  [0;38;5;208m+[39mview[0;38;5;208m: [1;38;5;208mnull[0;38;5;208m[m
 [0;38;5;208m}[m
 [0;38;5;208m"[38;5;113mprevious[0;38;5;208m" => [1;38;5;208mnull[0;38;5;208m[m
[0;38;5;208m][m
/Users/eph/Dev/smolblog/vendor/tempest/framework/packages/core/src/ExceptionReporter.php:34
exception [0;38;5;208m""[m
/Users/eph/Dev/smolblog/vendor/tempest/framework/packages/core/src/ExceptionReporter.php:34
context [0;38;5;208m[38;5;38marray:4[0;38;5;208m [[m
 [0;38;5;208m"[38;5;113mstatus[0;38;5;208m" => [1;38;5;38m404[0;38;5;208m[m
 [0;38;5;208m"[38;5;113mmessage[0;38;5;208m" => ""[m
 [0;38;5;208m"[38;5;113mcause[0;38;5;208m" => [38;5;38mTempest\Http\Responses\NotFound[0;38;5;208m\ {[38;5;247m#1675[0;38;5;208m[m
  [0;38;5;208m+[39mstatus[0;38;5;208m: [38;5;38mTempest\Http\Status[0;38;5;208m\ {[38;5;247m#1683[0;38;5;208m[m
   [0;38;5;208m+[39mname[0;38;5;208m: "[1;38;5;113mNOT_FOUND[0;38;5;208m"[m
   [0;38;5;208m+[39mvalue[0;38;5;208m: [1;38;5;38m404[0;38;5;208m[m
  [0;38;5;208m}[m
  [0;38;5;208m+[39mbody[0;38;5;208m: [1;38;5;208mnull[0;38;5;208m[m
  [0;38;5;208m+[39mheaders[0;38;5;208m: [][m
  [0;38;5;208m+[3m[39msession[0;38;5;208m: [3m[1;38;5;208m~ Tempest\Http\Session\Session[0;38;5;208m[m
  [0;38;5;208m+[3m[39mcookieManager[0;38;5;208m: [3m[1;38;5;208m~ Tempest\Http\Cookie\CookieManager[0;38;5;208m[m
  [0;38;5;208m+[39mview[0;38;5;208m: [1;38;5;208mnull[0;38;5;208m[m
 [0;38;5;208m}[m
 [0;38;5;208m"[38;5;113mprevious[0;38;5;208m" => [1;38;5;208mnull[0;38;5;208m[m
[0;38;5;208m][m
/Users/eph/Dev/smolblog/vendor/tempest/framework/packages/core/src/ExceptionReporter.php:34
exception [0;38;5;208m""[m
/Users/eph/Dev/smolblog/vendor/tempest/framework/packages/core/src/ExceptionReporter.php:34
context [0;38;5;208m[38;5;38marray:4[0;38;5;208m [[m
 [0;38;5;208m"[38;5;113mstatus[0;38;5;208m" => [1;38;5;38m404[0;38;5;208m[m
 [0;38;5;208m"[38;5;113mmessage[0;38;5;208m" => ""[m
 [0;38;5;208m"[38;5;113mcause[0;38;5;208m" => [38;5;38mTempest\Http\Responses\NotFound[0;38;5;208m\ {[38;5;247m#989[0;38;5;208m[m
  [0;38;5;208m+[39mstatus[0;38;5;208m: [38;5;38mTempest\Http\Status[0;38;5;208m\ {[38;5;247m#1050[0;38;5;208m[m
   [0;38;5;208m+[39mname[0;38;5;208m: "[1;38;5;113mNOT_FOUND[0;38;5;208m"[m
   [0;38;5;208m+[39mvalue[0;38;5;208m: [1;38;5;38m404[0;38;5;208m[m
  [0;38;5;208m}[m
  [0;38;5;208m+[39mbody[0;38;5;208m: [1;38;5;208mnull[0;38;5;208m[m
  [0;38;5;208m+[39mheaders[0;38;5;208m: [][m
  [0;38;5;208m+[3m[39msession[0;38;5;208m: [3m[1;38;5;208m~ Tempest\Http\Session\Session[0;38;5;208m[m
  [0;38;5;208m+[3m[39mcookieManager[0;38;5;208m: [3m[1;38;5;208m~ Tempest\Http\Cookie\CookieManager[0;38;5;208m[m
  [0;38;5;208m+[39mview[0;38;5;208m: [1;38;5;208mnull[0;38;5;208m[m
 [0;38;5;208m}[m
 [0;38;5;208m"[38;5;113mprevious[0;38;5;208m" => [1;38;5;208mnull[0;38;5;208m[m
[0;38;5;208m][m
/Users/eph/Dev/smolblog/vendor/tempest/framework/packages/core/src/ExceptionReporter.php:34
